============================= test session starts =============================
platform win32 -- Python 3.13.13, pytest-9.0.3, pluggy-1.6.0
rootdir: C:\Users\jpkem\OneDrive\Desktop\New folder (6)
configfile: pytest.ini (WARNING: ignoring pytest config in pyproject.toml!)
plugins: anyio-4.13.0, cov-7.1.0
collected 917 items

tests\constitutional\test_alpaca_rest_provider.py .......                [  0%]
tests\constitutional\test_anti_leakage_replay.py ........                [  1%]
tests\constitutional\test_anti_regression_invariants.py ................ [  3%]
...                                                                      [  3%]
tests\constitutional\test_api_application_surface.py .                   [  3%]
tests\constitutional\test_api_call_surface.py ..                         [  4%]
tests\constitutional\test_api_mutations.py .....                         [  4%]
tests\constitutional\test_api_routes_depend_on_application.py .          [  4%]
tests\constitutional\test_application_event_and_advisory_surfaces_split.py . [  4%]
                                                                         [  4%]
tests\constitutional\test_application_layer_boundaries.py ..             [  5%]
tests\constitutional\test_application_oracle_split_surfaces.py ..        [  5%]
tests\constitutional\test_boundaries.py ......                           [  5%]
tests\constitutional\test_calibration_cli.py .....                       [  6%]
tests\constitutional\test_calibration_curve.py .....                     [  6%]
tests\constitutional\test_calibration_wiring.py ...                      [  7%]
tests\constitutional\test_capacity_borrow_realism.py ..........          [  8%]
tests\constitutional\test_cli_command_registry.py .                      [  8%]
tests\constitutional\test_cli_prefers_application_facades.py ..          [  8%]
tests\constitutional\test_closure_snapshot.py .......                    [  9%]
tests\constitutional\test_constitutional_laws.py ........                [ 10%]
tests\constitutional\test_contract_bounded_contexts.py ....              [ 10%]
tests\constitutional\test_contracts_load.py .                            [ 10%]
tests\constitutional\test_contracts_package_lazy_exports.py ..           [ 11%]
tests\constitutional\test_control_plane_governance_exports_point_to_bounded_modules.py . [ 11%]
                                                                         [ 11%]
tests\constitutional\test_control_plane_governance_seams.py ....         [ 11%]
tests\constitutional\test_control_plane_package_lazy_exports.py ..       [ 11%]
tests\constitutional\test_control_plane_seams.py .                       [ 11%]
tests\constitutional\test_control_plane_workflow_seams.py ...            [ 12%]
tests\constitutional\test_controlled_rollout_ops.py .....                [ 12%]
tests\constitutional\test_data_spine_call_surface.py ....                [ 13%]
tests\constitutional\test_decoy_placeholder_guard.py .                   [ 13%]
tests\constitutional\test_deployment_hardening.py ......                 [ 14%]
tests\constitutional\test_feature_factory_call_surface.py ....           [ 14%]
tests\constitutional\test_feed_backed_realism.py ......................  [ 16%]
tests\constitutional\test_freshness_borrow_independence.py ...           [ 17%]
tests\constitutional\test_governance_work_queue_service_boundary.py ..   [ 17%]
tests\constitutional\test_governance_workflow_split.py ..                [ 17%]
tests\constitutional\test_http_json_market_data_provider.py ...          [ 17%]
tests\constitutional\test_interface_freeze.py ..                         [ 18%]
tests\constitutional\test_market_data_resilience.py ............         [ 19%]
tests\constitutional\test_market_hours_freshness_law.py ..               [ 19%]
tests\constitutional\test_market_integration.py ....                     [ 20%]
tests\constitutional\test_migrate_cli.py .                               [ 20%]
tests\constitutional\test_mutation_laws.py ......                        [ 20%]
tests\constitutional\test_observability.py .......                       [ 21%]
tests\constitutional\test_openbb_temporal_ingress.py ...                 [ 22%]
tests\constitutional\test_operator_board_section_service.py ..           [ 22%]
tests\constitutional\test_operator_chronic_exit_certification.py ..      [ 22%]
tests\constitutional\test_operator_chronic_exit_return_bridge.py ..      [ 22%]
tests\constitutional\test_operator_chronic_instability_packet.py ..      [ 22%]
tests\constitutional\test_operator_chronic_origin_restoration_audit_overlay.py . [ 23%]
.                                                                        [ 23%]
tests\constitutional\test_operator_chronic_origin_restoration_provenance.py . [ 23%]
.                                                                        [ 23%]
tests\constitutional\test_operator_chronic_remediation_mandate_ledger.py . [ 23%]
..                                                                       [ 23%]
tests\constitutional\test_operator_chronic_remediation_satisfaction.py . [ 23%]
..                                                                       [ 23%]
tests\constitutional\test_operator_chronic_watch_audit_convergence.py .. [ 24%]
                                                                         [ 24%]
tests\constitutional\test_operator_chronic_watch_handoff.py ...          [ 24%]
tests\constitutional\test_operator_chronic_watch_outcome.py ...          [ 24%]
tests\constitutional\test_operator_control_plane_bundle.py ...           [ 25%]
tests\constitutional\test_operator_converged_normalization_attestation.py . [ 25%]
.                                                                        [ 25%]
tests\constitutional\test_operator_decision_execution.py ..              [ 25%]
tests\constitutional\test_operator_escalation_closure.py ...             [ 25%]
tests\constitutional\test_operator_escalation_packet.py ...              [ 26%]
tests\constitutional\test_operator_escalation_routing.py ..              [ 26%]
tests\constitutional\test_operator_escalation_sla.py ...                 [ 26%]
tests\constitutional\test_operator_feedback_state.py ..                  [ 27%]
tests\constitutional\test_operator_freeze_release_attestation.py ..      [ 27%]
tests\constitutional\test_operator_freeze_release_gate.py ..             [ 27%]
tests\constitutional\test_operator_monitored_rejoin_activation.py ..     [ 27%]
tests\constitutional\test_operator_monitored_rejoin_normalization_bridge.py . [ 27%]
.                                                                        [ 27%]
tests\constitutional\test_operator_monitored_rejoin_policy.py ..         [ 28%]
tests\constitutional\test_operator_normalization_bridge_activation.py .. [ 28%]
                                                                         [ 28%]
tests\constitutional\test_operator_pack_approval_disposition_service.py . [ 28%]
...                                                                      [ 28%]
tests\constitutional\test_operator_pack_approval_needed_service.py ....  [ 29%]
tests\constitutional\test_operator_pack_assembly_service_boundary.py ... [ 29%]
                                                                         [ 29%]
tests\constitutional\test_operator_pack_assignment_service.py ....       [ 29%]
tests\constitutional\test_operator_pack_claim_lease_service.py ....      [ 30%]
tests\constitutional\test_operator_pack_claim_lifecycle_service.py ....  [ 30%]
tests\constitutional\test_operator_pack_claim_operability_service.py ... [ 31%]
.                                                                        [ 31%]
tests\constitutional\test_operator_pack_comparison_service.py ...        [ 31%]
tests\constitutional\test_operator_pack_dashboard_service.py ...         [ 31%]
tests\constitutional\test_operator_pack_dispatch_outcome_service.py .... [ 32%]
                                                                         [ 32%]
tests\constitutional\test_operator_pack_dispatch_permission_service.py . [ 32%]
...                                                                      [ 32%]
tests\constitutional\test_operator_pack_drift_service.py .....           [ 33%]
tests\constitutional\test_operator_pack_escalation_service.py ....       [ 33%]
tests\constitutional\test_operator_pack_execution_authorization_service.py . [ 33%]
...                                                                      [ 34%]
tests\constitutional\test_operator_pack_execution_exception_service.py . [ 34%]
...                                                                      [ 34%]
tests\constitutional\test_operator_pack_execution_finality_service.py .. [ 34%]
..                                                                       [ 35%]
tests\constitutional\test_operator_pack_execution_force_service.py ....  [ 35%]
tests\constitutional\test_operator_pack_execution_readiness_service.py . [ 35%]
...                                                                      [ 35%]
tests\constitutional\test_operator_pack_handoff_service.py ....          [ 36%]
tests\constitutional\test_operator_pack_headers.py ...                   [ 36%]
tests\constitutional\test_operator_pack_html.py ...                      [ 37%]
tests\constitutional\test_operator_pack_lease_governance_service.py .... [ 37%]
                                                                         [ 37%]
tests\constitutional\test_operator_pack_navigation_service.py ...        [ 37%]
tests\constitutional\test_operator_pack_query_service.py ..              [ 38%]
tests\constitutional\test_operator_pack_service_boundary.py ...          [ 38%]
tests\constitutional\test_operator_pack_terminal_archive_service.py .... [ 38%]
                                                                         [ 38%]
tests\constitutional\test_operator_pack_terminal_closure_service.py .... [ 39%]
                                                                         [ 39%]
tests\constitutional\test_operator_pack_terminal_record_service.py ....  [ 39%]
tests\constitutional\test_operator_pack_terminal_resolution_service.py . [ 39%]
...                                                                      [ 40%]
tests\constitutional\test_operator_pack_timeline_service.py ...          [ 40%]
tests\constitutional\test_operator_pack_workbench_service.py ..          [ 40%]
tests\constitutional\test_operator_post_review_disposition.py ..         [ 40%]
tests\constitutional\test_operator_provenance_aware_drift_policy.py ..   [ 41%]
tests\constitutional\test_operator_queue_query_surface.py ...            [ 41%]
tests\constitutional\test_operator_queue_snapshot_service_boundary.py .. [ 41%]
.                                                                        [ 41%]
tests\constitutional\test_operator_recurrence_tribunal_disposition.py .. [ 41%]
                                                                         [ 41%]
tests\constitutional\test_operator_recurrence_tribunal_lane.py ...       [ 42%]
tests\constitutional\test_operator_reentry_acceptance.py ...             [ 42%]
tests\constitutional\test_operator_reentry_acknowledgement_timeout.py .. [ 42%]
.                                                                        [ 42%]
tests\constitutional\test_operator_reentry_assignment.py ...             [ 43%]
tests\constitutional\test_operator_reentry_completion.py ...             [ 43%]
tests\constitutional\test_operator_reentry_completion_attestation.py ..  [ 43%]
tests\constitutional\test_operator_reentry_post_review_gate.py ...       [ 44%]
tests\constitutional\test_operator_reentry_queue_state.py ...            [ 44%]
tests\constitutional\test_operator_reentry_reassignment.py ...           [ 44%]
tests\constitutional\test_operator_reopen_lineage.py ...                 [ 45%]
tests\constitutional\test_operator_reopen_recurrence_policy.py ..        [ 45%]
tests\constitutional\test_operator_restoration_audit.py ...              [ 45%]
tests\constitutional\test_operator_return_activation.py ...              [ 46%]
tests\constitutional\test_operator_return_authorization_ledger.py ...    [ 46%]
tests\constitutional\test_operator_return_drift_breach.py ..             [ 46%]
tests\constitutional\test_operator_return_monitoring.py ..               [ 46%]
tests\constitutional\test_operator_return_reopen_loop.py ...             [ 47%]
tests\constitutional\test_operator_section_registry.py ...               [ 47%]
tests\constitutional\test_operator_startup.py .....                      [ 47%]
tests\constitutional\test_operator_supervisor_review.py ..               [ 48%]
tests\constitutional\test_operator_terminal_record_publication_service.py . [ 48%]
.                                                                        [ 48%]
tests\constitutional\test_operator_transition_policy.py ..               [ 48%]
tests\constitutional\test_operator_workboard_action_contract.py ..       [ 48%]
tests\constitutional\test_operator_workboard_read_plane.py ...           [ 49%]
tests\constitutional\test_oracle_advisory.py ...                         [ 49%]
tests\constitutional\test_oracle_advisory_evidence_split.py ..           [ 49%]
tests\constitutional\test_oracle_advisory_rendering_split.py ..          [ 49%]
tests\constitutional\test_oracle_annual_review.py ..                     [ 50%]
tests\constitutional\test_oracle_artifact_coverage.py ...                [ 50%]
tests\constitutional\test_oracle_artifact_discovery.py ...               [ 50%]
tests\constitutional\test_oracle_artifact_integrity.py ...               [ 51%]
tests\constitutional\test_oracle_artifact_lineage.py ...                 [ 51%]
tests\constitutional\test_oracle_attestation_nominal_time_baseline.py .  [ 51%]
tests\constitutional\test_oracle_automation_posture.py ....              [ 52%]
tests\constitutional\test_oracle_briefing_io_split.py .                  [ 52%]
tests\constitutional\test_oracle_briefing_rendering_split.py ..          [ 52%]
tests\constitutional\test_oracle_campaign_execution.py ..........        [ 53%]
tests\constitutional\test_oracle_campaign_planner_split.py ..            [ 53%]
tests\constitutional\test_oracle_constitutional_cadence_reasoning.py ..  [ 53%]
tests\constitutional\test_oracle_constitutional_digest.py ........       [ 54%]
tests\constitutional\test_oracle_constitutional_evidence.py ..           [ 54%]
tests\constitutional\test_oracle_constitutional_gate.py ....             [ 55%]
